2025-12-22T20:41:12	Moving: D:\05_AGENTS-AI\01_RUNTIME\VBoarder\NAVI\HOLDING\approve_test.txt  =>  D:\05_AGENTS-AI\01_RUNTIME\VBoarder\NAVI\_archive\2025-12-22_legacy_cleanup\HOLDING\approve_test.txt
2025-12-22T20:41:12	Moving: D:\05_AGENTS-AI\01_RUNTIME\VBoarder\NAVI\HOLDING\approve_ui_company_personal_invoice_1766368600469.pdf  =>  D:\05_AGENTS-AI\01_RUNTIME\VBoarder\NAVI\mail_room\review_required\approve_ui_company_personal_invoice_1766368600469.pdf
2025-12-22T20:41:12	Moving: D:\05_AGENTS-AI\01_RUNTIME\VBoarder\NAVI\HOLDING\approve_ui_company_personal_invoice_1766368270874.pdf  =>  D:\05_AGENTS-AI\01_RUNTIME\VBoarder\NAVI\mail_room\review_required\approve_ui_company_personal_invoice_1766368270874.pdf
2025-12-22T20:41:12	Moving: D:\05_AGENTS-AI\01_RUNTIME\VBoarder\NAVI\HOLDING\pre_ingest_backup_$(Get-Date -Format yyyyMMdd_HHmmss)  =>  D:\05_AGENTS-AI\01_RUNTIME\VBoarder\NAVI\_archive\2025-12-22_legacy_cleanup\HOLDING\pre_ingest_backup_$(Get-Date -Format yyyyMMdd_HHmmss)
2025-12-22T20:41:12	Moving: D:\05_AGENTS-AI\01_RUNTIME\VBoarder\NAVI\HOLDING\mock_test_batch_01_rerun_4  =>  D:\05_AGENTS-AI\01_RUNTIME\VBoarder\NAVI\_archive\2025-12-22_legacy_cleanup\HOLDING\mock_test_batch_01_rerun_4
2025-12-22T20:41:12	Moving: D:\05_AGENTS-AI\01_RUNTIME\VBoarder\NAVI\HOLDING\mock_test_batch_01_rerun_2  =>  D:\05_AGENTS-AI\01_RUNTIME\VBoarder\NAVI\_archive\2025-12-22_legacy_cleanup\HOLDING\mock_test_batch_01_rerun_2
2025-12-22T20:41:12	Moving: D:\05_AGENTS-AI\01_RUNTIME\VBoarder\NAVI\HOLDING\mock_test_batch_01_rerun_3  =>  D:\05_AGENTS-AI\01_RUNTIME\VBoarder\NAVI\_archive\2025-12-22_legacy_cleanup\HOLDING\mock_test_batch_01_rerun_3
2025-12-22T20:41:12	Moving: D:\05_AGENTS-AI\01_RUNTIME\VBoarder\NAVI\HOLDING\approve_ui_company_personal_invoice_1766365519369.pdf  =>  D:\05_AGENTS-AI\01_RUNTIME\VBoarder\NAVI\mail_room\review_required\approve_ui_company_personal_invoice_1766365519369.pdf
2025-12-22T20:41:12	Moving: D:\05_AGENTS-AI\01_RUNTIME\VBoarder\NAVI\HOLDING\kb_test_1.txt  =>  D:\05_AGENTS-AI\01_RUNTIME\VBoarder\NAVI\_archive\2025-12-22_legacy_cleanup\HOLDING\kb_test_1.txt
2025-12-22T20:41:12	Moving: D:\05_AGENTS-AI\01_RUNTIME\VBoarder\NAVI\HOLDING\kb_test_2.txt  =>  D:\05_AGENTS-AI\01_RUNTIME\VBoarder\NAVI\_archive\2025-12-22_legacy_cleanup\HOLDING\kb_test_2.txt
2025-12-22T20:41:12	Moving: D:\05_AGENTS-AI\01_RUNTIME\VBoarder\NAVI\HOLDING\approve_ui_company_personal_invoice_1766365504738.pdf  =>  D:\05_AGENTS-AI\01_RUNTIME\VBoarder\NAVI\mail_room\review_required\approve_ui_company_personal_invoice_1766365504738.pdf
2025-12-22T20:41:12	Moving: D:\05_AGENTS-AI\01_RUNTIME\VBoarder\NAVI\HOLDING\approve_ui_company_personal_invoice_1766365511135.pdf  =>  D:\05_AGENTS-AI\01_RUNTIME\VBoarder\NAVI\mail_room\review_required\approve_ui_company_personal_invoice_1766365511135.pdf
2025-12-22T20:41:12	Moving: D:\05_AGENTS-AI\01_RUNTIME\VBoarder\NAVI\HOLDING\approve_ui_company_personal_invoice_1766365494210.pdf  =>  D:\05_AGENTS-AI\01_RUNTIME\VBoarder\NAVI\mail_room\review_required\approve_ui_company_personal_invoice_1766365494210.pdf
2025-12-22T20:41:12	Moving: D:\05_AGENTS-AI\01_RUNTIME\VBoarder\NAVI\HOLDING\approve_ui_company_personal_invoice_1766365475812.pdf  =>  D:\05_AGENTS-AI\01_RUNTIME\VBoarder\NAVI\mail_room\review_required\approve_ui_company_personal_invoice_1766365475812.pdf
2025-12-22T20:41:12	Moving: D:\05_AGENTS-AI\01_RUNTIME\VBoarder\NAVI\HOLDING\approve_ui_company_personal_invoice_1766365444388.pdf  =>  D:\05_AGENTS-AI\01_RUNTIME\VBoarder\NAVI\mail_room\review_required\approve_ui_company_personal_invoice_1766365444388.pdf
2025-12-22T20:41:12	Moving: D:\05_AGENTS-AI\01_RUNTIME\VBoarder\NAVI\review_bucket\README_Installation_Guide.md  =>  D:\05_AGENTS-AI\01_RUNTIME\VBoarder\NAVI\_archive\2025-12-22_legacy_cleanup\review_bucket\README_Installation_Guide.md
2025-12-22T20:41:12	Moving: D:\05_AGENTS-AI\01_RUNTIME\VBoarder\NAVI\review_bucket\Navi_KB_05_Templates_and_Routing.md  =>  D:\05_AGENTS-AI\01_RUNTIME\VBoarder\NAVI\_archive\2025-12-22_legacy_cleanup\review_bucket\Navi_KB_05_Templates_and_Routing.md
2025-12-22T20:41:12	Moving: D:\05_AGENTS-AI\01_RUNTIME\VBoarder\NAVI\review_bucket\We are in  Production.txt  =>  D:\05_AGENTS-AI\01_RUNTIME\VBoarder\NAVI\_archive\2025-12-22_legacy_cleanup\review_bucket\We are in  Production.txt
2025-12-22T20:41:12	Moving: D:\05_AGENTS-AI\01_RUNTIME\VBoarder\NAVI\review_bucket\urgent_ceo_meeting.txt  =>  D:\05_AGENTS-AI\01_RUNTIME\VBoarder\NAVI\_archive\2025-12-22_legacy_cleanup\review_bucket\urgent_ceo_meeting.txt
2025-12-22T20:41:12	Moving: D:\05_AGENTS-AI\01_RUNTIME\VBoarder\NAVI\review_bucket\Document_01312024_0001.pdf  =>  D:\05_AGENTS-AI\01_RUNTIME\VBoarder\NAVI\_archive\2025-12-22_legacy_cleanup\review_bucket\Document_01312024_0001.pdf
2025-12-22T20:41:12	Moving: D:\05_AGENTS-AI\01_RUNTIME\VBoarder\NAVI\review_bucket\Document_02122023_0001.pdf  =>  D:\05_AGENTS-AI\01_RUNTIME\VBoarder\NAVI\_archive\2025-12-22_legacy_cleanup\review_bucket\Document_02122023_0001.pdf
2025-12-22T20:41:12	Moving: D:\05_AGENTS-AI\01_RUNTIME\VBoarder\NAVI\review_bucket\Bill_10162025_0001.pdf  =>  D:\05_AGENTS-AI\01_RUNTIME\VBoarder\NAVI\mail_room\review_required\Bill_10162025_0001.pdf
2025-12-22T20:41:12	Moving: D:\05_AGENTS-AI\01_RUNTIME\VBoarder\NAVI\review_bucket\Document_11012025_0001.pdf  =>  D:\05_AGENTS-AI\01_RUNTIME\VBoarder\NAVI\_archive\2025-12-22_legacy_cleanup\review_bucket\Document_11012025_0001.pdf
2025-12-22T20:41:12	Moving: D:\05_AGENTS-AI\01_RUNTIME\VBoarder\NAVI\review_bucket\Receipt_04012025_0001.pdf  =>  D:\05_AGENTS-AI\01_RUNTIME\VBoarder\NAVI\mail_room\review_required\Receipt_04012025_0001.pdf
2025-12-22T20:41:12	Moving: D:\05_AGENTS-AI\01_RUNTIME\VBoarder\NAVI\review_bucket\Bill_10282025_0001.pdf  =>  D:\05_AGENTS-AI\01_RUNTIME\VBoarder\NAVI\mail_room\review_required\Bill_10282025_0001.pdf
2025-12-22T20:41:12	Moving: D:\05_AGENTS-AI\01_RUNTIME\VBoarder\NAVI\review_bucket\Bill_09052025_0001.pdf  =>  D:\05_AGENTS-AI\01_RUNTIME\VBoarder\NAVI\mail_room\review_required\Bill_09052025_0001.pdf
2025-12-22T20:41:12	Moving: D:\05_AGENTS-AI\01_RUNTIME\VBoarder\NAVI\review_bucket\Bill_11162025_0001.pdf  =>  D:\05_AGENTS-AI\01_RUNTIME\VBoarder\NAVI\mail_room\review_required\Bill_11162025_0001.pdf
2025-12-22T20:41:12	Moving: D:\05_AGENTS-AI\01_RUNTIME\VBoarder\NAVI\review_bucket\Bill_09172025_0001.pdf  =>  D:\05_AGENTS-AI\01_RUNTIME\VBoarder\NAVI\mail_room\review_required\Bill_09172025_0001.pdf
2025-12-22T20:41:12	Moving: D:\05_AGENTS-AI\01_RUNTIME\VBoarder\NAVI\review_bucket\Bill_10062025_0001.pdf  =>  D:\05_AGENTS-AI\01_RUNTIME\VBoarder\NAVI\mail_room\review_required\Bill_10062025_0001.pdf
2025-12-22T20:41:12	Moving: D:\05_AGENTS-AI\01_RUNTIME\VBoarder\NAVI\review_bucket\Document_09252025_0001.pdf  =>  D:\05_AGENTS-AI\01_RUNTIME\VBoarder\NAVI\_archive\2025-12-22_legacy_cleanup\review_bucket\Document_09252025_0001.pdf
2025-12-22T20:41:12	Moving: D:\05_AGENTS-AI\01_RUNTIME\VBoarder\NAVI\review_bucket\Xfinity Recipt.pdf  =>  D:\05_AGENTS-AI\01_RUNTIME\VBoarder\NAVI\_archive\2025-12-22_legacy_cleanup\review_bucket\Xfinity Recipt.pdf
2025-12-22T20:41:12	Moving: D:\05_AGENTS-AI\01_RUNTIME\VBoarder\NAVI\review_bucket\Progresive Ins.pdf  =>  D:\05_AGENTS-AI\01_RUNTIME\VBoarder\NAVI\_archive\2025-12-22_legacy_cleanup\review_bucket\Progresive Ins.pdf
2025-12-22T20:41:12	Moving: D:\05_AGENTS-AI\01_RUNTIME\VBoarder\NAVI\DONE\debug.log  =>  D:\05_AGENTS-AI\01_RUNTIME\VBoarder\NAVI\_archive\2025-12-22_legacy_cleanup\DONE\debug.log
2025-12-22T20:41:12	Moving: D:\05_AGENTS-AI\01_RUNTIME\VBoarder\NAVI\_office_boxes\OfficeBox_001_meta.json  =>  D:\05_AGENTS-AI\01_RUNTIME\VBoarder\NAVI\_archive\2025-12-22_legacy_cleanup\_office_boxes\OfficeBox_001_meta.json
2025-12-22T20:41:12	Moving: D:\05_AGENTS-AI\01_RUNTIME\VBoarder\NAVI\_office_boxes\OfficeBox_001_files_index.json  =>  D:\05_AGENTS-AI\01_RUNTIME\VBoarder\NAVI\_archive\2025-12-22_legacy_cleanup\_office_boxes\OfficeBox_001_files_index.json
